Bringing machine 'default' up with 'virtualbox' provider...
==> default: Importing base box 'Chef.box'...
[KProgress: 10%[KProgress: 20%[KProgress: 30%[KProgress: 40%[KProgress: 50%[KProgress: 60%[KProgress: 70%[KProgress: 90%[K==> default: Matching MAC address for NAT networking...
==> default: Setting the name of the VM: Zabbix3
==> default: Fixed port collision for 22 => 2222. Now on port 2202.
==> default: Clearing any previously set network interfaces...
==> default: Preparing network interfaces based on configuration...
    default: Adapter 1: nat
    default: Adapter 2: hostonly
==> default: Forwarding ports...
    default: 22 (guest) => 2202 (host) (adapter 1)
==> default: Running 'pre-boot' VM customizations...
==> default: Booting VM...
==> default: Waiting for machine to boot. This may take a few minutes...
    default: SSH address: 127.0.0.1:2202
    default: SSH username: vagrant
    default: SSH auth method: private key
    default: 
    default: Vagrant insecure key detected. Vagrant will automatically replace
    default: this with a newly generated keypair for better security.
    default: 
    default: Inserting generated public key within guest...
    default: Removing insecure key from the guest if it's present...
    default: Key inserted! Disconnecting and reconnecting using new SSH key...
==> default: Machine booted and ready!
==> default: Checking for guest additions in VM...
==> default: Setting hostname...
==> default: Configuring and enabling network interfaces...
==> default: Mounting shared folders...
    default: /vagrant => /root/Desktop/Zabbix/Zabbix Client
==> default: Running provisioner: ansible...
    default: Running ansible-playbook...
PYTHONUNBUFFERED=1 ANSIBLE_NOCOLOR=true ANSIBLE_HOST_KEY_CHECKING=false ANSIBLE_SSH_ARGS='-o UserKnownHostsFile=/dev/null -o IdentitiesOnly=yes -o ControlMaster=auto -o ControlPersist=60s' ansible-playbook --connection=ssh --timeout=30 --limit='default' --inventory-file=/root/Desktop/Zabbix/Zabbix Client/.vagrant/provisioners/ansible/inventory -vv provision.yml
No config file found; using defaults
1 plays in provision.yml

PLAY [Installing and configuring zabbix agent] *********************************

TASK [setup] *******************************************************************
ok: [default]

TASK [Installing zabbix repository] ********************************************
task path: /root/Desktop/Zabbix/Zabbix Client/provision.yml:7
changed: [default] => {"changed": true, "msg": "", "rc": 0, "results": ["Loaded plugins: fastestmirror\nSetting up Install Process\nExamining /var/tmp/yum-root-PKUy6l/zabbix-release-2.2-1.el6.noarch.rpm: zabbix-release-2.2-1.el6.noarch\nMarking /var/tmp/yum-root-PKUy6l/zabbix-release-2.2-1.el6.noarch.rpm to be installed\nLoading mirror speeds from cached hostfile\n * base: ftp.byfly.by\n * epel: mirror.datacenter.by\n * extras: ftp.byfly.by\n * updates: ftp.byfly.by\nResolving Dependencies\n--> Running transaction check\n---> Package zabbix-release.noarch 0:2.2-1.el6 will be installed\n--> Finished Dependency Resolution\n\nDependencies Resolved\n\n================================================================================\n Package          Arch     Version     Repository                          Size\n================================================================================\nInstalling:\n zabbix-release   noarch   2.2-1.el6   /zabbix-release-2.2-1.el6.noarch    20 k\n\nTransaction Summary\n================================================================================\nInstall       1 Package(s)\n\nTotal size: 20 k\nInstalled size: 20 k\nDownloading Packages:\nRunning rpm_check_debug\nRunning Transaction Test\nTransaction Test Succeeded\nRunning Transaction\n\r  Installing : zabbix-release-2.2-1.el6.noarch                              1/1 \n\r  Verifying  : zabbix-release-2.2-1.el6.noarch                              1/1 \n\nInstalled:\n  zabbix-release.noarch 0:2.2-1.el6                                             \n\nComplete!\n"]}

TASK [Installing zabbix-agent] *************************************************
task path: /root/Desktop/Zabbix/Zabbix Client/provision.yml:10
changed: [default] => {"changed": true, "msg": "warning: rpmts_HdrFromFdno: Header V4 DSA/SHA1 Signature, key ID 79ea5ed4: NOKEY\nImporting GPG key 0x79EA5ED4:\n Userid : Zabbix SIA <packager@zabbix.com>\n Package: zabbix-release-2.2-1.el6.noarch (@/zabbix-release-2.2-1.el6.noarch)\n From   : /etc/pki/rpm-gpg/RPM-GPG-KEY-ZABBIX\n", "rc": 0, "results": ["Loaded plugins: fastestmirror\nSetting up Install Process\nLoading mirror speeds from cached hostfile\n * base: ftp.byfly.by\n * epel: mirror.datacenter.by\n * extras: ftp.byfly.by\n * updates: ftp.byfly.by\nResolving Dependencies\n--> Running transaction check\n---> Package zabbix-agent.x86_64 0:2.2.12-1.el6 will be installed\n--> Processing Dependency: zabbix for package: zabbix-agent-2.2.12-1.el6.x86_64\n--> Running transaction check\n---> Package zabbix.x86_64 0:2.2.12-1.el6 will be installed\n--> Finished Dependency Resolution\n\nDependencies Resolved\n\n================================================================================\n Package              Arch           Version               Repository      Size\n================================================================================\nInstalling:\n zabbix-agent         x86_64         2.2.12-1.el6          zabbix         160 k\nInstalling for dependencies:\n zabbix               x86_64         2.2.12-1.el6          zabbix         154 k\n\nTransaction Summary\n================================================================================\nInstall       2 Package(s)\n\nTotal download size: 314 k\nInstalled size: 1.1 M\nDownloading Packages:\n--------------------------------------------------------------------------------\nTotal                                           1.2 MB/s | 314 kB     00:00     \nRetrieving key from file:///etc/pki/rpm-gpg/RPM-GPG-KEY-ZABBIX\nRunning rpm_check_debug\nRunning Transaction Test\nTransaction Test Succeeded\nRunning Transaction\n\r  Installing : zabbix-2.2.12-1.el6.x86_64                                   1/2 \n\r  Installing : zabbix-agent-2.2.12-1.el6.x86_64                             2/2 \n\r  Verifying  : zabbix-2.2.12-1.el6.x86_64                                   1/2 \n\r  Verifying  : zabbix-agent-2.2.12-1.el6.x86_64                             2/2 \n\nInstalled:\n  zabbix-agent.x86_64 0:2.2.12-1.el6                                            \n\nDependency Installed:\n  zabbix.x86_64 0:2.2.12-1.el6                                                  \n\nComplete!\n"]}

TASK [Registering zabbix-agent] ************************************************
task path: /root/Desktop/Zabbix/Zabbix Client/provision.yml:13
